Build started 2014/7/21 15:23:36.
     1>Project "C:\Users\Administrator\Documents\CanvasEngine_v0.01\CanvasEngine_v0.01\github\CanvasEngineGC-BC\CanvasEngineV_0.02\CanvasEngineV_0.02\CanvasEngineV_0.02.vcxproj" on node 2 (Build target(s)).
     1>ClCompile:
         C:\Program Files (x86)\Microsoft Visual Studio 11.0\VC\bin\CL.exe /c /ZI /nologo /W3 /WX- /Od /Oy- /D _MBCS /Gm /EHsc /RTC1 /MDd /GS /fp:precise /Zc:wchar_t /Zc:forScope /Fo"Debug\\" /Fd"Debug\vc110.pdb" /Gd /TP /analyze- /errorReport:prompt AiEngine.cpp Engine.cpp World.cpp
         World.cpp
     1>c:\users\administrator\documents\canvasengine_v0.01\canvasengine_v0.01\github\canvasenginegc-bc\canvasenginev_0.02\canvasenginev_0.02\world.h(28): error C2146: syntax error : missing ';' before identifier 'renderable'
     1>c:\users\administrator\documents\canvasengine_v0.01\canvasengine_v0.01\github\canvasenginegc-bc\canvasenginev_0.02\canvasenginev_0.02\world.h(28): error C4430: missing type specifier - int assumed. Note: C++ does not support default-int
     1>c:\users\administrator\documents\canvasengine_v0.01\canvasengine_v0.01\github\canvasenginegc-bc\canvasenginev_0.02\canvasenginev_0.02\world.h(34): error C2065: 'renderData' : undeclared identifier
     1>c:\users\administrator\documents\canvasengine_v0.01\canvasengine_v0.01\github\canvasenginegc-bc\canvasenginev_0.02\canvasenginev_0.02\world.h(34): error C2923: 'std::list' : 'renderData' is not a valid template type argument for parameter '_Ty'
     1>c:\users\administrator\documents\canvasengine_v0.01\canvasengine_v0.01\github\canvasenginegc-bc\canvasenginev_0.02\canvasenginev_0.02\world.h(55): error C2065: 'renderData' : undeclared identifier
     1>c:\users\administrator\documents\canvasengine_v0.01\canvasengine_v0.01\github\canvasenginegc-bc\canvasenginev_0.02\canvasenginev_0.02\world.h(55): error C2923: 'std::list' : 'renderData' is not a valid template type argument for parameter '_Ty'
     1>c:\users\administrator\documents\canvasengine_v0.01\canvasengine_v0.01\github\canvasenginegc-bc\canvasenginev_0.02\canvasenginev_0.02\world.cpp(8): error C2143: syntax error : missing ';' before 'World::{ctor}'
     1>c:\users\administrator\documents\canvasengine_v0.01\canvasengine_v0.01\github\canvasenginegc-bc\canvasenginev_0.02\canvasenginev_0.02\world.cpp(8): error C4430: missing type specifier - int assumed. Note: C++ does not support default-int
     1>c:\users\administrator\documents\canvasengine_v0.01\canvasengine_v0.01\github\canvasenginegc-bc\canvasenginev_0.02\canvasenginev_0.02\world.cpp(23): error C3867: 'std::list<_Ty>::begin': function call missing argument list; use '&std::list<_Ty>::begin' to create a pointer to member
                 with
                 [
                     _Ty=int
                 ]
     1>c:\users\administrator\documents\canvasengine_v0.01\canvasengine_v0.01\github\canvasenginegc-bc\canvasenginev_0.02\canvasenginev_0.02\world.cpp(23): error C2440: 'initializing' : cannot convert from 'std::_List_iterator<_Mylist>' to 'std::_List_iterator<_Mylist>'
                 with
                 [
                     _Mylist=std::_List_val<std::_List_simple_types<int>>
                 ]
                 and
                 [
                     _Mylist=std::_List_val<std::_List_simple_types<renderData>>
                 ]
                 No constructor could take the source type, or constructor overload resolution was ambiguous
         Engine.cpp
     1>c:\users\administrator\documents\canvasengine_v0.01\canvasengine_v0.01\github\canvasenginegc-bc\canvasenginev_0.02\canvasenginev_0.02\guiassets.h(24): warning C4091: 'static ' : ignored on left of 'buttonTextures' when no variable is declared
     1>c:\users\administrator\documents\canvasengine_v0.01\canvasengine_v0.01\github\canvasenginegc-bc\canvasenginev_0.02\canvasenginev_0.02\engine.cpp(19): error C2143: syntax error : missing ';' before '}'
     1>c:\users\administrator\documents\canvasengine_v0.01\canvasengine_v0.01\github\canvasenginegc-bc\canvasenginev_0.02\canvasenginev_0.02\engine.cpp(133): error C2664: 'World::getEvents' : cannot convert parameter 1 from 'SDL_Event *' to 'SDL_Event'
                 No constructor could take the source type, or constructor overload resolution was ambiguous
         AiEngine.cpp
     1>c:\users\administrator\documents\canvasengine_v0.01\canvasengine_v0.01\github\canvasenginegc-bc\canvasenginev_0.02\canvasenginev_0.02\aiengine.cpp(242): warning C4244: '*=' : conversion from 'double' to 'int', possible loss of data
     1>c:\users\administrator\documents\canvasengine_v0.01\canvasengine_v0.01\github\canvasenginegc-bc\canvasenginev_0.02\canvasenginev_0.02\aiengine.cpp(732): warning C4244: '=' : conversion from 'double' to 'int', possible loss of data
     1>c:\users\administrator\documents\canvasengine_v0.01\canvasengine_v0.01\github\canvasenginegc-bc\canvasenginev_0.02\canvasenginev_0.02\aiengine.cpp(928): warning C4244: '*=' : conversion from 'double' to 'int', possible loss of data
     1>c:\users\administrator\documents\canvasengine_v0.01\canvasengine_v0.01\github\canvasenginegc-bc\canvasenginev_0.02\canvasenginev_0.02\aiengine.cpp(932): warning C4244: '*=' : conversion from 'double' to 'int', possible loss of data
     1>c:\users\administrator\documents\canvasengine_v0.01\canvasengine_v0.01\github\canvasenginegc-bc\canvasenginev_0.02\canvasenginev_0.02\aiengine.cpp(937): warning C4244: '*=' : conversion from 'double' to 'int', possible loss of data
     1>c:\users\administrator\documents\canvasengine_v0.01\canvasengine_v0.01\github\canvasenginegc-bc\canvasenginev_0.02\canvasenginev_0.02\aiengine.cpp(939): warning C4244: '*=' : conversion from 'double' to 'int', possible loss of data
     1>c:\users\administrator\documents\canvasengine_v0.01\canvasengine_v0.01\github\canvasenginegc-bc\canvasenginev_0.02\canvasenginev_0.02\aiengine.cpp(944): warning C4244: '*=' : conversion from 'double' to 'int', possible loss of data
     1>c:\users\administrator\documents\canvasengine_v0.01\canvasengine_v0.01\github\canvasenginegc-bc\canvasenginev_0.02\canvasenginev_0.02\aiengine.cpp(946): warning C4244: '*=' : conversion from 'double' to 'int', possible loss of data
     1>c:\users\administrator\documents\canvasengine_v0.01\canvasengine_v0.01\github\canvasenginegc-bc\canvasenginev_0.02\canvasenginev_0.02\aiengine.cpp(951): warning C4244: '*=' : conversion from 'double' to 'int', possible loss of data
     1>c:\users\administrator\documents\canvasengine_v0.01\canvasengine_v0.01\github\canvasenginegc-bc\canvasenginev_0.02\canvasenginev_0.02\aiengine.cpp(953): warning C4244: '*=' : conversion from 'double' to 'int', possible loss of data
     1>c:\users\administrator\documents\canvasengine_v0.01\canvasengine_v0.01\github\canvasenginegc-bc\canvasenginev_0.02\canvasenginev_0.02\aiengine.cpp(955): warning C4244: '*=' : conversion from 'double' to 'int', possible loss of data
     1>c:\users\administrator\documents\canvasengine_v0.01\canvasengine_v0.01\github\canvasenginegc-bc\canvasenginev_0.02\canvasenginev_0.02\aiengine.cpp(960): warning C4244: '*=' : conversion from 'double' to 'int', possible loss of data
         Generating Code...
     1>Done Building Project "C:\Users\Administrator\Documents\CanvasEngine_v0.01\CanvasEngine_v0.01\github\CanvasEngineGC-BC\CanvasEngineV_0.02\CanvasEngineV_0.02\CanvasEngineV_0.02.vcxproj" (Build target(s)) -- FAILED.

Build FAILED.

Time Elapsed 00:00:01.62
